<?xml version="1.0" encoding="UTF-8"?>
<testng-results skipped="1" failed="0" total="1" passed="0">
  <reporter-output>
  </reporter-output>
  <suite name="Default suite" duration-ms="1529" started-at="2018-01-05T07:09:17Z" finished-at="2018-01-05T07:09:19Z">
    <groups>
    </groups>
    <test name="Default test" duration-ms="1529" started-at="2018-01-05T07:09:17Z" finished-at="2018-01-05T07:09:19Z">
      <class name="com.redbox.testscripts.FullFlow">
        <test-method status="FAIL" signature="startUp()[pri:0, instance:com.redbox.testscripts.FullFlow@2ef5e5e3]" name="startUp" is-config="true" duration-ms="0" started-at="2018-01-05T12:39:17Z" finished-at="2018-01-05T12:39:17Z">
          <exception class="org.openqa.selenium.WebDriverException">
            <message>
              <![CDATA[An unknown server-side error occurred while processing the command. Original error: Unknown device or simulator UDID: 'e5134d4d9ea3aa1a06c0032d8810d4fbdb8eff8c' (WARNING: The server did not provide any stacktrace information)
Command duration or timeout: 440 milliseconds
Build info: version: '2.51.0', revision: '1af067dbcaedd7d2ab9af5151fc471d363d97193', time: '2016-02-05 11:20:57'
System info: host: 'emacmini-35.estblr.com', ip: '172.16.18.1', os.name: 'Mac OS X', os.arch: 'x86_64', os.version: '10.12.6', java.version: '1.8.0_151'
Driver info: io.appium.java_client.ios.IOSDriver]]>
            </message>
            <full-stacktrace>
              <![CDATA[org.openqa.selenium.WebDriverException: An unknown server-side error occurred while processing the command. Original error: Unknown device or simulator UDID: 'e5134d4d9ea3aa1a06c0032d8810d4fbdb8eff8c' (WARNING: The server did not provide any stacktrace information)
Command duration or timeout: 440 milliseconds
Build info: version: '2.51.0', revision: '1af067dbcaedd7d2ab9af5151fc471d363d97193', time: '2016-02-05 11:20:57'
System info: host: 'emacmini-35.estblr.com', ip: '172.16.18.1', os.name: 'Mac OS X', os.arch: 'x86_64', os.version: '10.12.6', java.version: '1.8.0_151'
Driver info: io.appium.java_client.ios.IOSDriver
	at sun.reflect.NativeConstructorAccessorImpl.newInstance0(Native Method)
	at sun.reflect.NativeConstructorAccessorImpl.newInstance(NativeConstructorAccessorImpl.java:62)
	at sun.reflect.DelegatingConstructorAccessorImpl.newInstance(DelegatingConstructorAccessorImpl.java:45)
	at java.lang.reflect.Constructor.newInstance(Constructor.java:423)
	at org.openqa.selenium.remote.ErrorHandler.createThrowable(ErrorHandler.java:206)
	at org.openqa.selenium.remote.ErrorHandler.throwIfResponseFailed(ErrorHandler.java:158)
	at org.openqa.selenium.remote.RemoteWebDriver.execute(RemoteWebDriver.java:678)
	at io.appium.java_client.DefaultGenericMobileDriver.execute(DefaultGenericMobileDriver.java:42)
	at io.appium.java_client.AppiumDriver.execute(AppiumDriver.java:1)
	at io.appium.java_client.ios.IOSDriver.execute(IOSDriver.java:1)
	at org.openqa.selenium.remote.RemoteWebDriver.startSession(RemoteWebDriver.java:249)
	at org.openqa.selenium.remote.RemoteWebDriver.<init>(RemoteWebDriver.java:131)
	at org.openqa.selenium.remote.RemoteWebDriver.<init>(RemoteWebDriver.java:144)
	at io.appium.java_client.DefaultGenericMobileDriver.<init>(DefaultGenericMobileDriver.java:37)
	at io.appium.java_client.AppiumDriver.<init>(AppiumDriver.java:161)
	at io.appium.java_client.AppiumDriver.<init>(AppiumDriver.java:170)
	at io.appium.java_client.ios.IOSDriver.<init>(IOSDriver.java:57)
	at com.appium.model.ApplicationLibrary.launchIosdApplication(ApplicationLibrary.java:43)
	at com.redbox.testscripts.FullFlow.startUp(FullFlow.java:56)
	at sun.reflect.NativeMethodAccessorImpl.invoke0(Native Method)
	at sun.reflect.NativeMethodAccessorImpl.invoke(NativeMethodAccessorImpl.java:62)
	at sun.reflect.DelegatingMethodAccessorImpl.invoke(DelegatingMethodAccessorImpl.java:43)
	at java.lang.reflect.Method.invoke(Method.java:498)
	at org.testng.internal.MethodInvocationHelper.invokeMethod(MethodInvocationHelper.java:86)
	at org.testng.internal.Invoker.invokeConfigurationMethod(Invoker.java:514)
	at org.testng.internal.Invoker.invokeConfigurations(Invoker.java:215)
	at org.testng.internal.Invoker.invokeConfigurations(Invoker.java:142)
	at org.testng.internal.TestMethodWorker.invokeBeforeClassMethods(TestMethodWorker.java:178)
	at org.testng.internal.TestMethodWorker.run(TestMethodWorker.java:108)
	at org.testng.TestRunner.privateRun(TestRunner.java:782)
	at org.testng.TestRunner.run(TestRunner.java:632)
	at org.testng.SuiteRunner.runTest(SuiteRunner.java:366)
	at org.testng.SuiteRunner.runSequentially(SuiteRunner.java:361)
	at org.testng.SuiteRunner.privateRun(SuiteRunner.java:319)
	at org.testng.SuiteRunner.run(SuiteRunner.java:268)
	at org.testng.SuiteRunnerWorker.runSuite(SuiteRunnerWorker.java:52)
	at org.testng.SuiteRunnerWorker.run(SuiteRunnerWorker.java:86)
	at org.testng.TestNG.runSuitesSequentially(TestNG.java:1244)
	at org.testng.TestNG.runSuitesLocally(TestNG.java:1169)
	at org.testng.TestNG.run(TestNG.java:1064)
	at org.testng.remote.RemoteTestNG.run(RemoteTestNG.java:113)
	at org.testng.remote.RemoteTestNG.initAndRun(RemoteTestNG.java:206)
	at org.testng.remote.RemoteTestNG.main(RemoteTestNG.java:177)
]]>
            </full-stacktrace>
          </exception> <!-- org.openqa.selenium.WebDriverException -->
          <reporter-output>
          </reporter-output>
        </test-method> <!-- startUp -->
        <test-method status="SKIP" signature="beforeTest(java.lang.reflect.Method)[pri:0, instance:com.redbox.testscripts.FullFlow@2ef5e5e3]" name="beforeTest" is-config="true" duration-ms="0" started-at="2018-01-05T12:39:19Z" finished-at="2018-01-05T12:39:19Z">
          <reporter-output>
          </reporter-output>
        </test-method> <!-- beforeTest -->
        <test-method status="SKIP" signature="launchApplication()[pri:0, instance:com.redbox.testscripts.FullFlow@2ef5e5e3]" name="launchApplication" duration-ms="0" started-at="2018-01-05T12:39:19Z" finished-at="2018-01-05T12:39:19Z">
          <reporter-output>
          </reporter-output>
        </test-method> <!-- launchApplication -->
        <test-method status="SKIP" signature="afterTest()[pri:0, instance:com.redbox.testscripts.FullFlow@2ef5e5e3]" name="afterTest" is-config="true" duration-ms="0" started-at="2018-01-05T12:39:19Z" finished-at="2018-01-05T12:39:19Z">
          <reporter-output>
          </reporter-output>
        </test-method> <!-- afterTest -->
        <test-method status="SKIP" signature="tearDown()[pri:0, instance:com.redbox.testscripts.FullFlow@2ef5e5e3]" name="tearDown" is-config="true" duration-ms="0" started-at="2018-01-05T12:39:19Z" finished-at="2018-01-05T12:39:19Z">
          <reporter-output>
          </reporter-output>
        </test-method> <!-- tearDown -->
      </class> <!-- com.redbox.testscripts.FullFlow -->
    </test> <!-- Default test -->
  </suite> <!-- Default suite -->
</testng-results>
